<?xml version="1.0" encoding="UTF-8"?>
<!-- Generated by org.testng.reporters.JUnitXMLReporter -->
<testsuite hostname="DESKTOP-R707R9I" ignored="0" name="Test" tests="7" failures="0" timestamp="31 Aug 2017 06:52:47 GMT" time="99.4" errors="0">
  <testcase name="verifyLoginInvalidCredential" time="4.241" classname="com.test.automation.uiAutomationNew.homePage.TC001_VerifyLoginWithInvalidCredential"/>
  <testcase name="testLogin" time="4.702" classname="com.test.automation.uiAutomationNew.homePage.TC002_VerifyLoginWithDifferentRecords"/>
  <testcase name="testLogin" time="3.594" classname="com.test.automation.uiAutomationNew.homePage.TC002_VerifyLoginWithDifferentRecords"/>
  <testcase name="testLogin" time="3.736" classname="com.test.automation.uiAutomationNew.homePage.TC002_VerifyLoginWithDifferentRecords"/>
  <testcase name="testLogin" time="3.5" classname="com.test.automation.uiAutomationNew.homePage.TC002_VerifyLoginWithDifferentRecords"/>
  <testcase name="testLogin" time="3.554" classname="com.test.automation.uiAutomationNew.homePage.TC002_VerifyLoginWithDifferentRecords"/>
  <testcase name="createAccount" time="12.701" classname="com.test.automation.uiAutomationNew.homePage.TC003_CreateAnAccount"/>
</testsuite> <!-- Test -->
